0 info it worked if it ends with ok
1 verbose cli [ '/usr/local/bin/node', '/usr/local/bin/npm', 'run', 'dev' ]
2 info using npm@4.0.5
3 info using node@v7.4.0
4 verbose run-script [ 'predev', 'dev', 'postdev' ]
5 info lifecycle boilerplate@1.0.0~predev: boilerplate@1.0.0
6 silly lifecycle boilerplate@1.0.0~predev: no script for predev, continuing
7 info lifecycle boilerplate@1.0.0~dev: boilerplate@1.0.0
8 verbose lifecycle boilerplate@1.0.0~dev: unsafe-perm in lifecycle true
9 verbose lifecycle boilerplate@1.0.0~dev: PATH: /usr/local/lib/node_modules/npm/bin/node-gyp-bin:/Users/elonmitchell/bookbrawl_node/node_modules/.bin:/usr/local/var/rbenv/shims:/usr/local/var/rbenv/shims:/Library/Frameworks/Python.framework/Versions/3.5/bin:/usr/local/var/rbenv/shims:/usr/local/bin:/Users/elonmitchell/.npm-packages/bin:/usr/local/bin:/usr/bin:/bin:/usr/sbin:/sbin:/Users/elonmitchell/.npm-packages/bin:/Users/elonmitchell/android-sdks/platform-tools:/Applications/Postgres.app/Contents/Versions/latest/bin:/usr/local/git/bin:/usr/local/bin:/Users/elonmitchell/android-sdks/tools:/Users/elonmitchell/android-sdks/platform-tools
10 verbose lifecycle boilerplate@1.0.0~dev: CWD: /Users/elonmitchell/bookbrawl_node
11 silly lifecycle boilerplate@1.0.0~dev: Args: [ '-c', 'npm-run-all --parallel start-dev watch-dev' ]
12 info lifecycle boilerplate@1.0.0~dev: Failed to exec dev script
13 verbose stack Error: boilerplate@1.0.0 dev: `npm-run-all --parallel start-dev watch-dev`
13 verbose stack spawn ENOENT
13 verbose stack     at ChildProcess.<anonymous> (/usr/local/lib/node_modules/npm/lib/utils/spawn.js:33:16)
13 verbose stack     at emitTwo (events.js:106:13)
13 verbose stack     at ChildProcess.emit (events.js:191:7)
13 verbose stack     at maybeClose (internal/child_process.js:885:16)
13 verbose stack     at Process.ChildProcess._handle.onexit (internal/child_process.js:226:5)
14 verbose pkgid boilerplate@1.0.0
15 verbose cwd /Users/elonmitchell/bookbrawl_node
16 error Darwin 16.4.0
17 error argv "/usr/local/bin/node" "/usr/local/bin/npm" "run" "dev"
18 error node v7.4.0
19 error npm  v4.0.5
20 error file sh
21 error code ELIFECYCLE
22 error errno ENOENT
23 error syscall spawn
24 error boilerplate@1.0.0 dev: `npm-run-all --parallel start-dev watch-dev`
24 error spawn ENOENT
25 error Failed at the boilerplate@1.0.0 dev script 'npm-run-all --parallel start-dev watch-dev'.
25 error Make sure you have the latest version of node.js and npm installed.
25 error If you do, this is most likely a problem with the boilerplate package,
25 error not with npm itself.
25 error Tell the author that this fails on your system:
25 error     npm-run-all --parallel start-dev watch-dev
25 error You can get information on how to open an issue for this project with:
25 error     npm bugs boilerplate
25 error Or if that isn't available, you can get their info via:
25 error     npm owner ls boilerplate
25 error There is likely additional logging output above.
26 verbose exit [ 1, true ]
